1.333020477294921875e+02
1.336202850341796875e+02
1.342733612060546875e+02
1.353666839599609375e+02
1.367739562988281250e+02
1.383866729736328125e+02
1.401249847412109375e+02
1.417778778076171875e+02
1.431547088623046875e+02
1.440312194824218750e+02
1.443368682861328125e+02
1.441258544921875000e+02
1.435743865966796875e+02
1.429209442138671875e+02
1.422247772216796875e+02
1.416094512939453125e+02
1.411182708740234375e+02
1.408472747802734375e+02
1.408976135253906250e+02
1.412216033935546875e+02
1.418144836425781250e+02
1.423995056152343750e+02
1.427429656982421875e+02
1.427945709228515625e+02
1.426249694824218750e+02
1.422264404296875000e+02
1.416266479492187500e+02
1.409152832031250000e+02
1.403702239990234375e+02
1.401302795410156250e+02
1.402141265869140625e+02
1.405438232421875000e+02
1.405843353271484375e+02
1.400283813476562500e+02
1.388253326416015625e+02
1.371736755371093750e+02
1.354223175048828125e+02
1.339396362304687500e+02
1.329118652343750000e+02
1.324721069335937500e+02
1.325751800537109375e+02
1.329887542724609375e+02
1.335513458251953125e+02
1.341100311279296875e+02
1.346527557373046875e+02
1.352552032470703125e+02
1.359396972656250000e+02
1.366488952636718750e+02
1.372793884277343750e+02
1.377287292480468750e+02
1.378817749023437500e+02
1.376987915039062500e+02
1.371756591796875000e+02
1.364166412353515625e+02
1.355648803710937500e+02
1.347857360839843750e+02
1.341508331298828125e+02
1.336546936035156250e+02
1.333217926025390625e+02
1.331734771728515625e+02
1.332825012207031250e+02
1.336070709228515625e+02
1.339644012451171875e+02
1.342578887939453125e+02
1.343278198242187500e+02
1.341648406982421875e+02
1.338459320068359375e+02
1.334567413330078125e+02
1.331031341552734375e+02
1.328814239501953125e+02
1.328363189697265625e+02
1.329323425292968750e+02
1.331597442626953125e+02
1.334930877685546875e+02
1.338477935791015625e+02
1.341623992919921875e+02
1.343959503173828125e+02
1.345986022949218750e+02
1.348077239990234375e+02
1.350185699462890625e+02
1.351765441894531250e+02
1.352468261718750000e+02
1.352362976074218750e+02
1.350340118408203125e+02
1.347342681884765625e+02
1.343778839111328125e+02
1.339979705810546875e+02
1.336463928222656250e+02
1.334064483642578125e+02
1.333811340332031250e+02
1.336559295654296875e+02
1.341279449462890625e+02
1.346942596435546875e+02
1.352419281005859375e+02
1.357568206787109375e+02
1.361866607666015625e+02
1.365586853027343750e+02
1.371848449707031250e+02
1.382389068603515625e+02
1.396006011962890625e+02
1.407429199218750000e+02
1.413797607421875000e+02
1.414514007568359375e+02
1.409365234375000000e+02
1.403044891357421875e+02
1.399837799072265625e+02
1.403441009521484375e+02
1.415571289062500000e+02
1.438534698486328125e+02
1.468503112792968750e+02
1.498203735351562500e+02
1.523253936767578125e+02
1.540405120849609375e+02
1.549386138916015625e+02
1.551603698730468750e+02
1.546054534912109375e+02
1.535258483886718750e+02
1.521949157714843750e+02
1.508892669677734375e+02
1.494658355712890625e+02
1.479907989501953125e+02
1.464061279296875000e+02
1.444752807617187500e+02
1.418716735839843750e+02
1.387536010742187500e+02
1.356975402832031250e+02
1.330656585693359375e+02
1.310254821777343750e+02
1.294626617431640625e+02
1.279789581298828125e+02
1.264861297607421875e+02
1.249981460571289062e+02
1.231648788452148438e+02
1.208324356079101562e+02
1.177768783569335938e+02
1.141650161743164062e+02
1.103362503051757812e+02
1.067463836669921875e+02
1.037366409301757812e+02
1.013351287841796875e+02
9.960500335693359375e+01
9.873345947265625000e+01
9.885848236083984375e+01
9.998661804199218750e+01
1.019163131713867188e+02
1.044260940551757812e+02
1.070341186523437500e+02
1.092378005981445312e+02
1.108473892211914062e+02
1.119129562377929688e+02
1.128523025512695312e+02
1.138890991210937500e+02
1.151947250366210938e+02
1.168057708740234375e+02
1.186659774780273438e+02
1.204163131713867188e+02
1.217229995727539062e+02
1.224361724853515625e+02
1.225683822631835938e+02
1.220359268188476562e+02
1.211277770996093750e+02
1.201540908813476562e+02
1.194459991455078125e+02
1.193084564208984375e+02
1.199340820312500000e+02
1.213038253784179688e+02
1.230774841308593750e+02
1.247042846679687500e+02
1.256987838745117188e+02
1.260003890991210938e+02
1.257571334838867188e+02
1.251750488281250000e+02
1.244397583007812500e+02
1.236647033691406250e+02
1.229841308593750000e+02
1.223623657226562500e+02
1.215472183227539062e+02
1.204784469604492188e+02
1.193988800048828125e+02
1.186049957275390625e+02
1.182566375732421875e+02
1.183659591674804688e+02
1.187715454101562500e+02
1.193628616333007812e+02
1.201505584716796875e+02
1.212324142456054688e+02
1.224537277221679688e+02
1.236394271850585938e+02
1.246895599365234375e+02
1.256060791015625000e+02
1.264173126220703125e+02
1.274032745361328125e+02
1.286090393066406250e+02
1.299724121093750000e+02
1.312718658447265625e+02
1.320059967041015625e+02
1.317177886962890625e+02
1.303005371093750000e+02
1.282667236328125000e+02
1.262063217163085938e+02
1.244201126098632812e+02
1.231802825927734375e+02
1.224306869506835938e+02
1.220254516601562500e+02
1.216830596923828125e+02
1.211706542968750000e+02
1.204854736328125000e+02
1.197231826782226562e+02
1.190492630004882812e+02
1.186300506591796875e+02
1.185180435180664062e+02
1.187393569946289062e+02
1.191566925048828125e+02
1.195728912353515625e+02
1.198489608764648438e+02
1.198355255126953125e+02
1.196601333618164062e+02
1.194404449462890625e+02
1.194013290405273438e+02
1.196784133911132812e+02
1.203368911743164062e+02
1.213819656372070312e+02
1.229221572875976562e+02
1.246536407470703125e+02
1.263555603027343750e+02
1.277302246093750000e+02
1.285220184326171875e+02
1.287124328613281250e+02
1.283697662353515625e+02
1.276099624633789062e+02
1.265585098266601562e+02
1.254070587158203125e+02
1.243466644287109375e+02
1.236334609985351562e+02
1.233238830566406250e+02
1.232940750122070312e+02
1.234811325073242188e+02
1.239715652465820312e+02
1.247272872924804688e+02
1.255525665283203125e+02
1.261851425170898438e+02
1.265257263183593750e+02
1.265776672363281250e+02
1.264006881713867188e+02
1.260110626220703125e+02
1.254518203735351562e+02
1.248348159790039062e+02
1.243628234863281250e+02
1.241158599853515625e+02
1.240716629028320312e+02
1.241826477050781250e+02
1.244017944335937500e+02
1.245739059448242188e+02
1.246326370239257812e+02
1.247716827392578125e+02
1.249622497558593750e+02
1.250312347412109375e+02
1.248737716674804688e+02
1.245088272094726562e+02
1.239724502563476562e+02
1.233773651123046875e+02
1.228532104492187500e+02
1.224801864624023438e+02
1.222802047729492188e+02
1.223037185668945312e+02
1.223912048339843750e+02
1.223922653198242188e+02
1.222626876831054688e+02
1.219185409545898438e+02
1.213351516723632812e+02
1.206903839111328125e+02
1.201944046020507812e+02
1.199669342041015625e+02
1.200632247924804688e+02
1.203120422363281250e+02
1.206491317749023438e+02
1.210682983398437500e+02
1.215527801513671875e+02
1.224111251831054688e+02
1.238476257324218750e+02
1.256102828979492188e+02
1.272557601928710938e+02
1.283870239257812500e+02
1.287960815429687500e+02
1.285648498535156250e+02
1.279763946533203125e+02
1.269918212890625000e+02
1.255108108520507812e+02
1.235484161376953125e+02
1.213469009399414062e+02
1.191272659301757812e+02
1.170113830566406250e+02
1.149904022216796875e+02
1.130457382202148438e+02
1.112474899291992188e+02
1.098571624755859375e+02
1.091243667602539062e+02
1.090825729370117188e+02
1.096403884887695312e+02
1.106808395385742188e+02
1.121338729858398438e+02
1.138194427490234375e+02
1.155619583129882812e+02
1.170914306640625000e+02
1.181876754760742188e+02
1.188835678100585938e+02
1.192571563720703125e+02
1.193937988281250000e+02
1.193212356567382812e+02
1.191125488281250000e+02
1.188358764648437500e+02
1.186782379150390625e+02
1.188395690917968750e+02
1.194308624267578125e+02
1.203987426757812500e+02
1.215669937133789062e+02
1.226840744018554688e+02
1.236138916015625000e+02
1.242891235351562500e+02
1.248085479736328125e+02
1.252080612182617188e+02
1.255147705078125000e+02
1.257650070190429688e+02
1.258754730224609375e+02
1.258496322631835938e+02
1.256880035400390625e+02
1.254861145019531250e+02
1.253352890014648438e+02
1.252603836059570312e+02
1.251818542480468750e+02
1.250129089355468750e+02
1.247539215087890625e+02
1.244978408813476562e+02
1.243296432495117188e+02
1.242988967895507812e+02
1.243385925292968750e+02
1.243950729370117188e+02
1.245092544555664062e+02
1.246730346679687500e+02
1.249403762817382812e+02
1.254660644531250000e+02
1.262229690551757812e+02
1.270571441650390625e+02
1.278619461059570312e+02
1.285598907470703125e+02
1.290474548339843750e+02
1.292895965576171875e+02
1.293559570312500000e+02
1.293462982177734375e+02
1.293489990234375000e+02
1.289715118408203125e+02
1.279290695190429688e+02
1.262745285034179688e+02
1.243843612670898438e+02
1.226643295288085938e+02
1.212839202880859375e+02
1.202808380126953125e+02
1.196132812500000000e+02
1.192084808349609375e+02
1.190347747802734375e+02
1.191044311523437500e+02
1.194646987915039062e+02
1.200658416748046875e+02
1.208451309204101562e+02
1.216638565063476562e+02
1.223469314575195312e+02
1.227491378784179688e+02
1.227899169921875000e+02
1.225440368652343750e+02
1.221471252441406250e+02
1.216316146850585938e+02
1.211271438598632812e+02
1.207379837036132812e+02
1.206168594360351562e+02
1.207769851684570312e+02
1.210655212402343750e+02
1.213466644287109375e+02
1.215309753417968750e+02
